<?xml version="1.0" encoding="utf-8"?><testsuites><testsuite name="pytest" errors="0" failures="0" skipped="0" tests="4" time="1.517" timestamp="2021-02-15T17:03:49.892276" hostname="manjaro"><testcase classname="tests.unit.test_data_cleaner" name="test_data_cleaner" time="0.006" /><testcase classname="tests.unit.test_feature_selector" name="test_reduce_array_column_rows_expectation" time="0.004" /><testcase classname="tests.unit.test_feature_selector" name="test_multi_label_column_to_binary_columns" time="0.031" /><testcase classname="tests.unit.test_pwdb_transformer" name="test_transform_json_to_csv_number_of_columns_and_rows" time="0.069" /></testsuite></testsuites>